<?xml version="1.0" encoding="UTF-8" standalone="no"?>
<testsuite errors="0" failures="0" name="io.cucumber.core.plugin.JUnitFormatter" skipped="0" tests="1" time="23.012">
<testcase classname="" name="validate orange HRM Home Page Test" time="22.782">
<system-out><![CDATA[Given user opens browser....................................................passed
Then user is on login Page..................................................passed
Then user logs into app.....................................................passed
Then validate home page title...............................................passed
Then validate logged in username............................................passed
Then close the browser......................................................passed
]]></system-out>
</testcase>
</testsuite>
